[17-Dec-2014 13:01:08 UTC] PHP Notice:  Undefined variable: user in /home/ubuntu/workspace/views/login.php on line 2
[17-Dec-2014 13:01:08 UTC] PHP Fatal error:  Call to a member function display_errors() on a non-object in /home/ubuntu/workspace/views/login.php on line 2
[17-Dec-2014 13:36:02 UTC] PHP Notice:  Undefined variable: user in /home/ubuntu/workspace/views/register.php on line 17
[17-Dec-2014 13:36:02 UTC] PHP Fatal error:  Call to a member function register() on a non-object in /home/ubuntu/workspace/views/register.php on line 17
[17-Dec-2014 13:37:21 UTC] PHP Notice:  Undefined variable: user in /home/ubuntu/workspace/views/register.php on line 17
[17-Dec-2014 13:37:21 UTC] PHP Fatal error:  Call to a member function register() on a non-object in /home/ubuntu/workspace/views/register.php on line 17
[17-Dec-2014 13:38:45 UTC] PHP Notice:  Undefined variable: user in /home/ubuntu/workspace/views/register.php on line 20
[17-Dec-2014 13:38:45 UTC] PHP Fatal error:  Call to a member function register() on a non-object in /home/ubuntu/workspace/views/register.php on line 20
[17-Dec-2014 13:42:20 UTC] PHP Notice:  Undefined variable: user in /home/ubuntu/workspace/views/register.php on line 22
[17-Dec-2014 13:42:20 UTC] PHP Fatal error:  Call to a member function register() on a non-object in /home/ubuntu/workspace/views/register.php on line 22
[17-Dec-2014 13:42:56 UTC] PHP Notice:  Undefined variable: user in /home/ubuntu/workspace/views/register.php on line 22
[17-Dec-2014 13:42:56 UTC] PHP Fatal error:  Call to a member function register() on a non-object in /home/ubuntu/workspace/views/register.php on line 22
[17-Dec-2014 13:43:14 UTC] PHP Notice:  Undefined variable: user in /home/ubuntu/workspace/views/register.php on line 24
[17-Dec-2014 13:43:14 UTC] PHP Fatal error:  Call to a member function register() on a non-object in /home/ubuntu/workspace/views/register.php on line 24
[17-Dec-2014 13:45:24 UTC] PHP Notice:  Use of undefined constant __SITE_PATH - assumed '__SITE_PATH' in /home/ubuntu/workspace/includes/init.php on line 4
[17-Dec-2014 13:45:24 UTC] PHP Warning:  include(__SITE_PATH/application/controller_base.class.php): failed to open stream: No such file or directory in /home/ubuntu/workspace/includes/init.php on line 4
[17-Dec-2014 13:45:24 UTC] PHP Warning:  include(): Failed opening '__SITE_PATH/application/controller_base.class.php' for inclusion (include_path='.:/usr/share/php:/usr/share/pear') in /home/ubuntu/workspace/includes/init.php on line 4
[17-Dec-2014 13:45:24 UTC] PHP Notice:  Use of undefined constant __SITE_PATH - assumed '__SITE_PATH' in /home/ubuntu/workspace/includes/init.php on line 7
[17-Dec-2014 13:45:24 UTC] PHP Warning:  include(__SITE_PATH/application/registry.class.php): failed to open stream: No such file or directory in /home/ubuntu/workspace/includes/init.php on line 7
[17-Dec-2014 13:45:24 UTC] PHP Warning:  include(): Failed opening '__SITE_PATH/application/registry.class.php' for inclusion (include_path='.:/usr/share/php:/usr/share/pear') in /home/ubuntu/workspace/includes/init.php on line 7
[17-Dec-2014 13:45:24 UTC] PHP Notice:  Use of undefined constant __SITE_PATH - assumed '__SITE_PATH' in /home/ubuntu/workspace/includes/init.php on line 10
[17-Dec-2014 13:45:24 UTC] PHP Warning:  include(__SITE_PATH/application/router.class.php): failed to open stream: No such file or directory in /home/ubuntu/workspace/includes/init.php on line 10
[17-Dec-2014 13:45:24 UTC] PHP Warning:  include(): Failed opening '__SITE_PATH/application/router.class.php' for inclusion (include_path='.:/usr/share/php:/usr/share/pear') in /home/ubuntu/workspace/includes/init.php on line 10
[17-Dec-2014 13:45:24 UTC] PHP Notice:  Use of undefined constant __SITE_PATH - assumed '__SITE_PATH' in /home/ubuntu/workspace/includes/init.php on line 13
[17-Dec-2014 13:45:24 UTC] PHP Warning:  include(__SITE_PATH/application/template.class.php): failed to open stream: No such file or directory in /home/ubuntu/workspace/includes/init.php on line 13
[17-Dec-2014 13:45:24 UTC] PHP Warning:  include(): Failed opening '__SITE_PATH/application/template.class.php' for inclusion (include_path='.:/usr/share/php:/usr/share/pear') in /home/ubuntu/workspace/includes/init.php on line 13
[17-Dec-2014 13:45:24 UTC] PHP Notice:  Use of undefined constant __SITE_PATH - assumed '__SITE_PATH' in /home/ubuntu/workspace/includes/init.php on line 18
[17-Dec-2014 13:45:24 UTC] PHP Fatal error:  Class 'registry' not found in /home/ubuntu/workspace/includes/init.php on line 28
[17-Dec-2014 13:45:25 UTC] PHP Notice:  Use of undefined constant __SITE_PATH - assumed '__SITE_PATH' in /home/ubuntu/workspace/includes/init.php on line 4
[17-Dec-2014 13:45:25 UTC] PHP Warning:  include(__SITE_PATH/application/controller_base.class.php): failed to open stream: No such file or directory in /home/ubuntu/workspace/includes/init.php on line 4
[17-Dec-2014 13:45:25 UTC] PHP Warning:  include(): Failed opening '__SITE_PATH/application/controller_base.class.php' for inclusion (include_path='.:/usr/share/php:/usr/share/pear') in /home/ubuntu/workspace/includes/init.php on line 4
[17-Dec-2014 13:45:25 UTC] PHP Notice:  Use of undefined constant __SITE_PATH - assumed '__SITE_PATH' in /home/ubuntu/workspace/includes/init.php on line 7
[17-Dec-2014 13:45:25 UTC] PHP Warning:  include(__SITE_PATH/application/registry.class.php): failed to open stream: No such file or directory in /home/ubuntu/workspace/includes/init.php on line 7
[17-Dec-2014 13:45:25 UTC] PHP Warning:  include(): Failed opening '__SITE_PATH/application/registry.class.php' for inclusion (include_path='.:/usr/share/php:/usr/share/pear') in /home/ubuntu/workspace/includes/init.php on line 7
[17-Dec-2014 13:45:25 UTC] PHP Notice:  Use of undefined constant __SITE_PATH - assumed '__SITE_PATH' in /home/ubuntu/workspace/includes/init.php on line 10
[17-Dec-2014 13:45:25 UTC] PHP Warning:  include(__SITE_PATH/application/router.class.php): failed to open stream: No such file or directory in /home/ubuntu/workspace/includes/init.php on line 10
[17-Dec-2014 13:45:25 UTC] PHP Warning:  include(): Failed opening '__SITE_PATH/application/router.class.php' for inclusion (include_path='.:/usr/share/php:/usr/share/pear') in /home/ubuntu/workspace/includes/init.php on line 10
[17-Dec-2014 13:45:25 UTC] PHP Notice:  Use of undefined constant __SITE_PATH - assumed '__SITE_PATH' in /home/ubuntu/workspace/includes/init.php on line 13
[17-Dec-2014 13:45:25 UTC] PHP Warning:  include(__SITE_PATH/application/template.class.php): failed to open stream: No such file or directory in /home/ubuntu/workspace/includes/init.php on line 13
[17-Dec-2014 13:45:25 UTC] PHP Warning:  include(): Failed opening '__SITE_PATH/application/template.class.php' for inclusion (include_path='.:/usr/share/php:/usr/share/pear') in /home/ubuntu/workspace/includes/init.php on line 13
[17-Dec-2014 13:45:25 UTC] PHP Notice:  Use of undefined constant __SITE_PATH - assumed '__SITE_PATH' in /home/ubuntu/workspace/includes/init.php on line 18
[17-Dec-2014 13:45:25 UTC] PHP Fatal error:  Class 'registry' not found in /home/ubuntu/workspace/includes/init.php on line 28
[17-Dec-2014 13:45:43 UTC] PHP Warning:  include(includes/init.php): failed to open stream: No such file or directory in /home/ubuntu/workspace/views/register.php on line 17
[17-Dec-2014 13:45:43 UTC] PHP Warning:  include(): Failed opening 'includes/init.php' for inclusion (include_path='.:/usr/share/php:/usr/share/pear') in /home/ubuntu/workspace/views/register.php on line 17
[17-Dec-2014 13:45:44 UTC] PHP Warning:  include(includes/init.php): failed to open stream: No such file or directory in /home/ubuntu/workspace/views/register.php on line 17
[17-Dec-2014 13:45:44 UTC] PHP Warning:  include(): Failed opening 'includes/init.php' for inclusion (include_path='.:/usr/share/php:/usr/share/pear') in /home/ubuntu/workspace/views/register.php on line 17
[17-Dec-2014 13:45:44 UTC] PHP Notice:  Undefined variable: user in /home/ubuntu/workspace/views/register.php on line 26
[17-Dec-2014 13:45:44 UTC] PHP Fatal error:  Call to a member function register() on a non-object in /home/ubuntu/workspace/views/register.php on line 26
[17-Dec-2014 13:46:06 UTC] PHP Warning:  include(includes/init.php): failed to open stream: No such file or directory in /home/ubuntu/workspace/views/register.php on line 17
[17-Dec-2014 13:46:06 UTC] PHP Warning:  include(): Failed opening 'includes/init.php' for inclusion (include_path='.:/usr/share/php:/usr/share/pear') in /home/ubuntu/workspace/views/register.php on line 17
[17-Dec-2014 13:46:08 UTC] PHP Warning:  include(includes/init.php): failed to open stream: No such file or directory in /home/ubuntu/workspace/views/register.php on line 17
[17-Dec-2014 13:46:08 UTC] PHP Warning:  include(): Failed opening 'includes/init.php' for inclusion (include_path='.:/usr/share/php:/usr/share/pear') in /home/ubuntu/workspace/views/register.php on line 17
[17-Dec-2014 13:46:08 UTC] PHP Notice:  Undefined variable: user in /home/ubuntu/workspace/views/register.php on line 26
[17-Dec-2014 13:46:08 UTC] PHP Fatal error:  Call to a member function register() on a non-object in /home/ubuntu/workspace/views/register.php on line 26
[17-Dec-2014 13:46:16 UTC] PHP Warning:  include(includes/init.php): failed to open stream: No such file or directory in /home/ubuntu/workspace/views/register.php on line 17
[17-Dec-2014 13:46:16 UTC] PHP Warning:  include(): Failed opening 'includes/init.php' for inclusion (include_path='.:/usr/share/php:/usr/share/pear') in /home/ubuntu/workspace/views/register.php on line 17
[17-Dec-2014 13:46:17 UTC] PHP Warning:  include(includes/init.php): failed to open stream: No such file or directory in /home/ubuntu/workspace/views/register.php on line 17
[17-Dec-2014 13:46:17 UTC] PHP Warning:  include(): Failed opening 'includes/init.php' for inclusion (include_path='.:/usr/share/php:/usr/share/pear') in /home/ubuntu/workspace/views/register.php on line 17
[17-Dec-2014 13:46:17 UTC] PHP Notice:  Undefined variable: user in /home/ubuntu/workspace/views/register.php on line 26
[17-Dec-2014 13:46:17 UTC] PHP Fatal error:  Call to a member function register() on a non-object in /home/ubuntu/workspace/views/register.php on line 26
[17-Dec-2014 13:49:17 UTC] PHP Warning:  include(includes/init.php): failed to open stream: No such file or directory in /home/ubuntu/workspace/views/register.php on line 17
[17-Dec-2014 13:49:17 UTC] PHP Warning:  include(): Failed opening 'includes/init.php' for inclusion (include_path='.:/usr/share/php:/usr/share/pear') in /home/ubuntu/workspace/views/register.php on line 17
[17-Dec-2014 13:49:18 UTC] PHP Warning:  include(includes/init.php): failed to open stream: No such file or directory in /home/ubuntu/workspace/views/register.php on line 17
[17-Dec-2014 13:49:18 UTC] PHP Warning:  include(): Failed opening 'includes/init.php' for inclusion (include_path='.:/usr/share/php:/usr/share/pear') in /home/ubuntu/workspace/views/register.php on line 17
[17-Dec-2014 13:49:18 UTC] PHP Notice:  Undefined variable: user in /home/ubuntu/workspace/views/register.php on line 29
[17-Dec-2014 13:49:18 UTC] PHP Fatal error:  Call to a member function register() on a non-object in /home/ubuntu/workspace/views/register.php on line 29
[17-Dec-2014 13:49:33 UTC] PHP Notice:  Use of undefined constant __SITE_PATH - assumed '__SITE_PATH' in /home/ubuntu/workspace/includes/init.php on line 4
[17-Dec-2014 13:49:33 UTC] PHP Warning:  include(__SITE_PATH/application/controller_base.class.php): failed to open stream: No such file or directory in /home/ubuntu/workspace/includes/init.php on line 4
[17-Dec-2014 13:49:33 UTC] PHP Warning:  include(): Failed opening '__SITE_PATH/application/controller_base.class.php' for inclusion (include_path='.:/usr/share/php:/usr/share/pear') in /home/ubuntu/workspace/includes/init.php on line 4
[17-Dec-2014 13:49:33 UTC] PHP Notice:  Use of undefined constant __SITE_PATH - assumed '__SITE_PATH' in /home/ubuntu/workspace/includes/init.php on line 7
[17-Dec-2014 13:49:33 UTC] PHP Warning:  include(__SITE_PATH/application/registry.class.php): failed to open stream: No such file or directory in /home/ubuntu/workspace/includes/init.php on line 7
[17-Dec-2014 13:49:33 UTC] PHP Warning:  include(): Failed opening '__SITE_PATH/application/registry.class.php' for inclusion (include_path='.:/usr/share/php:/usr/share/pear') in /home/ubuntu/workspace/includes/init.php on line 7
[17-Dec-2014 13:49:33 UTC] PHP Notice:  Use of undefined constant __SITE_PATH - assumed '__SITE_PATH' in /home/ubuntu/workspace/includes/init.php on line 10
[17-Dec-2014 13:49:33 UTC] PHP Warning:  include(__SITE_PATH/application/router.class.php): failed to open stream: No such file or directory in /home/ubuntu/workspace/includes/init.php on line 10
[17-Dec-2014 13:49:33 UTC] PHP Warning:  include(): Failed opening '__SITE_PATH/application/router.class.php' for inclusion (include_path='.:/usr/share/php:/usr/share/pear') in /home/ubuntu/workspace/includes/init.php on line 10
[17-Dec-2014 13:49:33 UTC] PHP Notice:  Use of undefined constant __SITE_PATH - assumed '__SITE_PATH' in /home/ubuntu/workspace/includes/init.php on line 13
[17-Dec-2014 13:49:33 UTC] PHP Warning:  include(__SITE_PATH/application/template.class.php): failed to open stream: No such file or directory in /home/ubuntu/workspace/includes/init.php on line 13
[17-Dec-2014 13:49:33 UTC] PHP Warning:  include(): Failed opening '__SITE_PATH/application/template.class.php' for inclusion (include_path='.:/usr/share/php:/usr/share/pear') in /home/ubuntu/workspace/includes/init.php on line 13
[17-Dec-2014 13:49:33 UTC] PHP Notice:  Use of undefined constant __SITE_PATH - assumed '__SITE_PATH' in /home/ubuntu/workspace/includes/init.php on line 18
[17-Dec-2014 13:49:33 UTC] PHP Fatal error:  Class 'registry' not found in /home/ubuntu/workspace/includes/init.php on line 28
[17-Dec-2014 13:49:34 UTC] PHP Notice:  Use of undefined constant __SITE_PATH - assumed '__SITE_PATH' in /home/ubuntu/workspace/includes/init.php on line 4
[17-Dec-2014 13:49:34 UTC] PHP Warning:  include(__SITE_PATH/application/controller_base.class.php): failed to open stream: No such file or directory in /home/ubuntu/workspace/includes/init.php on line 4
[17-Dec-2014 13:49:34 UTC] PHP Warning:  include(): Failed opening '__SITE_PATH/application/controller_base.class.php' for inclusion (include_path='.:/usr/share/php:/usr/share/pear') in /home/ubuntu/workspace/includes/init.php on line 4
[17-Dec-2014 13:49:34 UTC] PHP Notice:  Use of undefined constant __SITE_PATH - assumed '__SITE_PATH' in /home/ubuntu/workspace/includes/init.php on line 7
[17-Dec-2014 13:49:34 UTC] PHP Warning:  include(__SITE_PATH/application/registry.class.php): failed to open stream: No such file or directory in /home/ubuntu/workspace/includes/init.php on line 7
[17-Dec-2014 13:49:34 UTC] PHP Warning:  include(): Failed opening '__SITE_PATH/application/registry.class.php' for inclusion (include_path='.:/usr/share/php:/usr/share/pear') in /home/ubuntu/workspace/includes/init.php on line 7
[17-Dec-2014 13:49:34 UTC] PHP Notice:  Use of undefined constant __SITE_PATH - assumed '__SITE_PATH' in /home/ubuntu/workspace/includes/init.php on line 10
[17-Dec-2014 13:49:34 UTC] PHP Warning:  include(__SITE_PATH/application/router.class.php): failed to open stream: No such file or directory in /home/ubuntu/workspace/includes/init.php on line 10
[17-Dec-2014 13:49:34 UTC] PHP Warning:  include(): Failed opening '__SITE_PATH/application/router.class.php' for inclusion (include_path='.:/usr/share/php:/usr/share/pear') in /home/ubuntu/workspace/includes/init.php on line 10
[17-Dec-2014 13:49:34 UTC] PHP Notice:  Use of undefined constant __SITE_PATH - assumed '__SITE_PATH' in /home/ubuntu/workspace/includes/init.php on line 13
[17-Dec-2014 13:49:34 UTC] PHP Warning:  include(__SITE_PATH/application/template.class.php): failed to open stream: No such file or directory in /home/ubuntu/workspace/includes/init.php on line 13
[17-Dec-2014 13:49:34 UTC] PHP Warning:  include(): Failed opening '__SITE_PATH/application/template.class.php' for inclusion (include_path='.:/usr/share/php:/usr/share/pear') in /home/ubuntu/workspace/includes/init.php on line 13
[17-Dec-2014 13:49:34 UTC] PHP Notice:  Use of undefined constant __SITE_PATH - assumed '__SITE_PATH' in /home/ubuntu/workspace/includes/init.php on line 18
[17-Dec-2014 13:49:34 UTC] PHP Fatal error:  Class 'registry' not found in /home/ubuntu/workspace/includes/init.php on line 28
[17-Dec-2014 13:49:35 UTC] PHP Notice:  Use of undefined constant __SITE_PATH - assumed '__SITE_PATH' in /home/ubuntu/workspace/includes/init.php on line 4
[17-Dec-2014 13:49:35 UTC] PHP Warning:  include(__SITE_PATH/application/controller_base.class.php): failed to open stream: No such file or directory in /home/ubuntu/workspace/includes/init.php on line 4
[17-Dec-2014 13:49:35 UTC] PHP Warning:  include(): Failed opening '__SITE_PATH/application/controller_base.class.php' for inclusion (include_path='.:/usr/share/php:/usr/share/pear') in /home/ubuntu/workspace/includes/init.php on line 4
[17-Dec-2014 13:49:35 UTC] PHP Notice:  Use of undefined constant __SITE_PATH - assumed '__SITE_PATH' in /home/ubuntu/workspace/includes/init.php on line 7
[17-Dec-2014 13:49:35 UTC] PHP Warning:  include(__SITE_PATH/application/registry.class.php): failed to open stream: No such file or directory in /home/ubuntu/workspace/includes/init.php on line 7
[17-Dec-2014 13:49:35 UTC] PHP Warning:  include(): Failed opening '__SITE_PATH/application/registry.class.php' for inclusion (include_path='.:/usr/share/php:/usr/share/pear') in /home/ubuntu/workspace/includes/init.php on line 7
[17-Dec-2014 13:49:35 UTC] PHP Notice:  Use of undefined constant __SITE_PATH - assumed '__SITE_PATH' in /home/ubuntu/workspace/includes/init.php on line 10
[17-Dec-2014 13:49:35 UTC] PHP Warning:  include(__SITE_PATH/application/router.class.php): failed to open stream: No such file or directory in /home/ubuntu/workspace/includes/init.php on line 10
[17-Dec-2014 13:49:35 UTC] PHP Warning:  include(): Failed opening '__SITE_PATH/application/router.class.php' for inclusion (include_path='.:/usr/share/php:/usr/share/pear') in /home/ubuntu/workspace/includes/init.php on line 10
[17-Dec-2014 13:49:35 UTC] PHP Notice:  Use of undefined constant __SITE_PATH - assumed '__SITE_PATH' in /home/ubuntu/workspace/includes/init.php on line 13
[17-Dec-2014 13:49:35 UTC] PHP Warning:  include(__SITE_PATH/application/template.class.php): failed to open stream: No such file or directory in /home/ubuntu/workspace/includes/init.php on line 13
[17-Dec-2014 13:49:35 UTC] PHP Warning:  include(): Failed opening '__SITE_PATH/application/template.class.php' for inclusion (include_path='.:/usr/share/php:/usr/share/pear') in /home/ubuntu/workspace/includes/init.php on line 13
[17-Dec-2014 13:49:35 UTC] PHP Notice:  Use of undefined constant __SITE_PATH - assumed '__SITE_PATH' in /home/ubuntu/workspace/includes/init.php on line 18
[17-Dec-2014 13:49:35 UTC] PHP Fatal error:  Class 'registry' not found in /home/ubuntu/workspace/includes/init.php on line 28
[17-Dec-2014 14:09:38 UTC] PHP Notice:  Use of undefined constant __SITE_PATH - assumed '__SITE_PATH' in /home/ubuntu/workspace/includes/init.php on line 4
[17-Dec-2014 14:09:38 UTC] PHP Warning:  include(__SITE_PATH/application/controller_base.class.php): failed to open stream: No such file or directory in /home/ubuntu/workspace/includes/init.php on line 4
[17-Dec-2014 14:09:38 UTC] PHP Warning:  include(): Failed opening '__SITE_PATH/application/controller_base.class.php' for inclusion (include_path='.:/usr/share/php:/usr/share/pear') in /home/ubuntu/workspace/includes/init.php on line 4
[17-Dec-2014 14:09:38 UTC] PHP Notice:  Use of undefined constant __SITE_PATH - assumed '__SITE_PATH' in /home/ubuntu/workspace/includes/init.php on line 7
[17-Dec-2014 14:09:38 UTC] PHP Warning:  include(__SITE_PATH/application/registry.class.php): failed to open stream: No such file or directory in /home/ubuntu/workspace/includes/init.php on line 7
[17-Dec-2014 14:09:38 UTC] PHP Warning:  include(): Failed opening '__SITE_PATH/application/registry.class.php' for inclusion (include_path='.:/usr/share/php:/usr/share/pear') in /home/ubuntu/workspace/includes/init.php on line 7
[17-Dec-2014 14:09:38 UTC] PHP Notice:  Use of undefined constant __SITE_PATH - assumed '__SITE_PATH' in /home/ubuntu/workspace/includes/init.php on line 10
[17-Dec-2014 14:09:38 UTC] PHP Warning:  include(__SITE_PATH/application/router.class.php): failed to open stream: No such file or directory in /home/ubuntu/workspace/includes/init.php on line 10
[17-Dec-2014 14:09:38 UTC] PHP Warning:  include(): Failed opening '__SITE_PATH/application/router.class.php' for inclusion (include_path='.:/usr/share/php:/usr/share/pear') in /home/ubuntu/workspace/includes/init.php on line 10
[17-Dec-2014 14:09:38 UTC] PHP Notice:  Use of undefined constant __SITE_PATH - assumed '__SITE_PATH' in /home/ubuntu/workspace/includes/init.php on line 13
[17-Dec-2014 14:09:38 UTC] PHP Warning:  include(__SITE_PATH/application/template.class.php): failed to open stream: No such file or directory in /home/ubuntu/workspace/includes/init.php on line 13
[17-Dec-2014 14:09:38 UTC] PHP Warning:  include(): Failed opening '__SITE_PATH/application/template.class.php' for inclusion (include_path='.:/usr/share/php:/usr/share/pear') in /home/ubuntu/workspace/includes/init.php on line 13
[17-Dec-2014 14:09:38 UTC] PHP Notice:  Use of undefined constant __SITE_PATH - assumed '__SITE_PATH' in /home/ubuntu/workspace/includes/init.php on line 18
[17-Dec-2014 14:09:38 UTC] PHP Fatal error:  Class 'registry' not found in /home/ubuntu/workspace/includes/init.php on line 28
[17-Dec-2014 14:09:39 UTC] PHP Notice:  Use of undefined constant __SITE_PATH - assumed '__SITE_PATH' in /home/ubuntu/workspace/includes/init.php on line 4
[17-Dec-2014 14:09:39 UTC] PHP Warning:  include(__SITE_PATH/application/controller_base.class.php): failed to open stream: No such file or directory in /home/ubuntu/workspace/includes/init.php on line 4
[17-Dec-2014 14:09:39 UTC] PHP Warning:  include(): Failed opening '__SITE_PATH/application/controller_base.class.php' for inclusion (include_path='.:/usr/share/php:/usr/share/pear') in /home/ubuntu/workspace/includes/init.php on line 4
[17-Dec-2014 14:09:39 UTC] PHP Notice:  Use of undefined constant __SITE_PATH - assumed '__SITE_PATH' in /home/ubuntu/workspace/includes/init.php on line 7
[17-Dec-2014 14:09:39 UTC] PHP Warning:  include(__SITE_PATH/application/registry.class.php): failed to open stream: No such file or directory in /home/ubuntu/workspace/includes/init.php on line 7
[17-Dec-2014 14:09:39 UTC] PHP Warning:  include(): Failed opening '__SITE_PATH/application/registry.class.php' for inclusion (include_path='.:/usr/share/php:/usr/share/pear') in /home/ubuntu/workspace/includes/init.php on line 7
[17-Dec-2014 14:09:39 UTC] PHP Notice:  Use of undefined constant __SITE_PATH - assumed '__SITE_PATH' in /home/ubuntu/workspace/includes/init.php on line 10
[17-Dec-2014 14:09:39 UTC] PHP Warning:  include(__SITE_PATH/application/router.class.php): failed to open stream: No such file or directory in /home/ubuntu/workspace/includes/init.php on line 10
[17-Dec-2014 14:09:39 UTC] PHP Warning:  include(): Failed opening '__SITE_PATH/application/router.class.php' for inclusion (include_path='.:/usr/share/php:/usr/share/pear') in /home/ubuntu/workspace/includes/init.php on line 10
[17-Dec-2014 14:09:39 UTC] PHP Notice:  Use of undefined constant __SITE_PATH - assumed '__SITE_PATH' in /home/ubuntu/workspace/includes/init.php on line 13
[17-Dec-2014 14:09:39 UTC] PHP Warning:  include(__SITE_PATH/application/template.class.php): failed to open stream: No such file or directory in /home/ubuntu/workspace/includes/init.php on line 13
[17-Dec-2014 14:09:39 UTC] PHP Warning:  include(): Failed opening '__SITE_PATH/application/template.class.php' for inclusion (include_path='.:/usr/share/php:/usr/share/pear') in /home/ubuntu/workspace/includes/init.php on line 13
[17-Dec-2014 14:09:39 UTC] PHP Notice:  Use of undefined constant __SITE_PATH - assumed '__SITE_PATH' in /home/ubuntu/workspace/includes/init.php on line 18
[17-Dec-2014 14:09:39 UTC] PHP Fatal error:  Class 'registry' not found in /home/ubuntu/workspace/includes/init.php on line 28
[17-Dec-2014 14:09:58 UTC] PHP Notice:  Undefined variable: user in /home/ubuntu/workspace/views/register.php on line 28
[17-Dec-2014 14:09:58 UTC] PHP Fatal error:  Call to a member function register() on a non-object in /home/ubuntu/workspace/views/register.php on line 28
[17-Dec-2014 14:10:31 UTC] PHP Notice:  Undefined variable: user in /home/ubuntu/workspace/views/register.php on line 28
[17-Dec-2014 14:10:31 UTC] PHP Fatal error:  Call to a member function register() on a non-object in /home/ubuntu/workspace/views/register.php on line 28
[17-Dec-2014 14:11:01 UTC] PHP Warning:  include(incudes/init.php): failed to open stream: No such file or directory in /home/ubuntu/workspace/views/register.php on line 17
[17-Dec-2014 14:11:01 UTC] PHP Warning:  include(): Failed opening 'incudes/init.php' for inclusion (include_path='.:/usr/share/php:/usr/share/pear') in /home/ubuntu/workspace/views/register.php on line 17
[17-Dec-2014 14:11:02 UTC] PHP Warning:  include(incudes/init.php): failed to open stream: No such file or directory in /home/ubuntu/workspace/views/register.php on line 17
[17-Dec-2014 14:11:02 UTC] PHP Warning:  include(): Failed opening 'incudes/init.php' for inclusion (include_path='.:/usr/share/php:/usr/share/pear') in /home/ubuntu/workspace/views/register.php on line 17
[17-Dec-2014 14:11:02 UTC] PHP Notice:  Undefined variable: user in /home/ubuntu/workspace/views/register.php on line 29
[17-Dec-2014 14:11:02 UTC] PHP Fatal error:  Call to a member function register() on a non-object in /home/ubuntu/workspace/views/register.php on line 29
[17-Dec-2014 14:15:30 UTC] PHP Warning:  include(model/user.class.php): failed to open stream: No such file or directory in /home/ubuntu/workspace/views/register.php on line 17
[17-Dec-2014 14:15:30 UTC] PHP Warning:  include(): Failed opening 'model/user.class.php' for inclusion (include_path='.:/usr/share/php:/usr/share/pear') in /home/ubuntu/workspace/views/register.php on line 17
[17-Dec-2014 14:15:31 UTC] PHP Warning:  include(model/user.class.php): failed to open stream: No such file or directory in /home/ubuntu/workspace/views/register.php on line 17
[17-Dec-2014 14:15:31 UTC] PHP Warning:  include(): Failed opening 'model/user.class.php' for inclusion (include_path='.:/usr/share/php:/usr/share/pear') in /home/ubuntu/workspace/views/register.php on line 17
[17-Dec-2014 14:15:31 UTC] PHP Notice:  Undefined variable: user in /home/ubuntu/workspace/views/register.php on line 29
[17-Dec-2014 14:15:31 UTC] PHP Fatal error:  Call to a member function register() on a non-object in /home/ubuntu/workspace/views/register.php on line 29
[17-Dec-2014 14:15:42 UTC] PHP Warning:  include(model/user.class.php): failed to open stream: No such file or directory in /home/ubuntu/workspace/views/register.php on line 17
[17-Dec-2014 14:15:42 UTC] PHP Warning:  include(): Failed opening 'model/user.class.php' for inclusion (include_path='.:/usr/share/php:/usr/share/pear') in /home/ubuntu/workspace/views/register.php on line 17
[17-Dec-2014 14:15:44 UTC] PHP Warning:  include(model/user.class.php): failed to open stream: No such file or directory in /home/ubuntu/workspace/views/register.php on line 17
[17-Dec-2014 14:15:44 UTC] PHP Warning:  include(): Failed opening 'model/user.class.php' for inclusion (include_path='.:/usr/share/php:/usr/share/pear') in /home/ubuntu/workspace/views/register.php on line 17
[17-Dec-2014 14:15:44 UTC] PHP Notice:  Undefined variable: user in /home/ubuntu/workspace/views/register.php on line 29
[17-Dec-2014 14:15:44 UTC] PHP Fatal error:  Call to a member function register() on a non-object in /home/ubuntu/workspace/views/register.php on line 29
[17-Dec-2014 14:17:00 UTC] PHP Warning:  require(model/user.class.php): failed to open stream: No such file or directory in /home/ubuntu/workspace/views/register.php on line 17
[17-Dec-2014 14:17:00 UTC] PHP Fatal error:  require(): Failed opening required 'model/user.class.php' (include_path='.:/usr/share/php:/usr/share/pear') in /home/ubuntu/workspace/views/register.php on line 17
[17-Dec-2014 14:17:01 UTC] PHP Warning:  require(model/user.class.php): failed to open stream: No such file or directory in /home/ubuntu/workspace/views/register.php on line 17
[17-Dec-2014 14:17:01 UTC] PHP Fatal error:  require(): Failed opening required 'model/user.class.php' (include_path='.:/usr/share/php:/usr/share/pear') in /home/ubuntu/workspace/views/register.php on line 17
[17-Dec-2014 14:17:05 UTC] PHP Warning:  require(model/user.class.php): failed to open stream: No such file or directory in /home/ubuntu/workspace/views/register.php on line 17
[17-Dec-2014 14:17:05 UTC] PHP Fatal error:  require(): Failed opening required 'model/user.class.php' (include_path='.:/usr/share/php:/usr/share/pear') in /home/ubuntu/workspace/views/register.php on line 17
[17-Dec-2014 14:17:26 UTC] PHP Notice:  Undefined variable: user in /home/ubuntu/workspace/views/register.php on line 29
[17-Dec-2014 14:17:26 UTC] PHP Fatal error:  Call to a member function register() on a non-object in /home/ubuntu/workspace/views/register.php on line 29
[17-Dec-2014 14:19:09 UTC] PHP Notice:  Undefined variable: user in /home/ubuntu/workspace/views/register.php on line 29
[17-Dec-2014 14:19:09 UTC] PHP Fatal error:  Call to a member function register() on a non-object in /home/ubuntu/workspace/views/register.php on line 29
[17-Dec-2014 14:23:30 UTC] PHP Warning:  include(includes/init.php): failed to open stream: No such file or directory in /home/ubuntu/workspace/views/register.php on line 17
[17-Dec-2014 14:23:30 UTC] PHP Warning:  include(): Failed opening 'includes/init.php' for inclusion (include_path='.:/usr/share/php:/usr/share/pear') in /home/ubuntu/workspace/views/register.php on line 17
[17-Dec-2014 14:23:31 UTC] PHP Warning:  include(includes/init.php): failed to open stream: No such file or directory in /home/ubuntu/workspace/views/register.php on line 17
[17-Dec-2014 14:23:31 UTC] PHP Warning:  include(): Failed opening 'includes/init.php' for inclusion (include_path='.:/usr/share/php:/usr/share/pear') in /home/ubuntu/workspace/views/register.php on line 17
[17-Dec-2014 14:23:31 UTC] PHP Notice:  Undefined variable: user in /home/ubuntu/workspace/views/register.php on line 31
[17-Dec-2014 14:23:31 UTC] PHP Fatal error:  Call to a member function register() on a non-object in /home/ubuntu/workspace/views/register.php on line 31
[17-Dec-2014 14:28:09 UTC] PHP Notice:  Undefined property: PDOStatement::$num_rows in /home/ubuntu/workspace/model/user.class.php on line 315
[17-Dec-2014 14:28:09 UTC] PHP Fatal error:  Call to undefined method PDO::real_escape_string() in /home/ubuntu/workspace/model/user.class.php on line 162
[17-Dec-2014 14:30:18 UTC] PHP Notice:  Undefined property: PDOStatement::$num_rows in /home/ubuntu/workspace/model/user.class.php on line 316
[17-Dec-2014 14:30:18 UTC] PHP Fatal error:  Call to undefined method PDO::real_escape_string() in /home/ubuntu/workspace/model/user.class.php on line 161
[17-Dec-2014 14:31:03 UTC] PHP Notice:  Undefined property: PDOStatement::$num_rows in /home/ubuntu/workspace/model/user.class.php on line 317
[17-Dec-2014 14:31:03 UTC] PHP Fatal error:  Call to undefined method PDO::real_escape_string() in /home/ubuntu/workspace/model/user.class.php on line 161
[17-Dec-2014 14:31:34 UTC] PHP Notice:  Undefined property: PDOStatement::$num_rows in /home/ubuntu/workspace/model/user.class.php on line 318
[17-Dec-2014 14:31:34 UTC] PHP Fatal error:  Call to undefined method PDO::real_escape_string() in /home/ubuntu/workspace/model/user.class.php on line 161
[17-Dec-2014 14:32:18 UTC] PHP Notice:  Undefined property: PDOStatement::$num_rows in /home/ubuntu/workspace/model/user.class.php on line 317
[17-Dec-2014 14:32:18 UTC] PHP Notice:  Undefined property: PDOStatement::$num_rows in /home/ubuntu/workspace/model/user.class.php on line 318
[17-Dec-2014 14:32:18 UTC] PHP Fatal error:  Call to undefined method PDO::real_escape_string() in /home/ubuntu/workspace/model/user.class.php on line 161
[17-Dec-2014 14:33:59 UTC] PHP Notice:  Undefined property: PDOStatement::$num_rows in /home/ubuntu/workspace/model/user.class.php on line 318
[17-Dec-2014 14:33:59 UTC] PHP Fatal error:  Call to undefined method PDO::real_escape_string() in /home/ubuntu/workspace/model/user.class.php on line 162
[17-Dec-2014 14:34:20 UTC] PHP Notice:  Undefined property: PDOStatement::$num_rows in /home/ubuntu/workspace/model/user.class.php on line 318
[17-Dec-2014 14:34:20 UTC] PHP Fatal error:  Call to undefined method PDO::real_escape_string() in /home/ubuntu/workspace/model/user.class.php on line 162
[17-Dec-2014 14:34:41 UTC] PHP Notice:  Undefined property: PDOStatement::$num_rows in /home/ubuntu/workspace/model/user.class.php on line 318
[17-Dec-2014 14:34:41 UTC] PHP Fatal error:  Call to undefined method PDO::real_escape_string() in /home/ubuntu/workspace/model/user.class.php on line 162
[17-Dec-2014 14:35:04 UTC] PHP Notice:  Undefined property: PDOStatement::$num_rows in /home/ubuntu/workspace/model/user.class.php on line 318
[17-Dec-2014 14:35:04 UTC] PHP Fatal error:  Call to undefined function tostring() in /home/ubuntu/workspace/model/user.class.php on line 161
[17-Dec-2014 14:48:36 UTC] PHP Parse error:  syntax error, unexpected '=>' (T_DOUBLE_ARROW) in /home/ubuntu/workspace/model/db.class.php on line 32
[17-Dec-2014 14:53:03 UTC] PHP Fatal error:  Call to undefined method PDO::real_escape_string() in /home/ubuntu/workspace/model/user.class.php on line 160
